<?xml version="1.0" encoding="UTF-8"?>
<testsuite xmlns:xsi="http://www.w3.org/2001/XMLSchema-instance" xsi:noNamespaceSchemaLocation="https://maven.apache.org/surefire/maven-surefire-plugin/xsd/surefire-test-report-3.0.xsd" version="3.0" name="br.com.diegom.medicalconsult.MedicalconsultApplicationTests" time="6.803" tests="1" errors="0" skipped="0" failures="0">
  <properties>
[...]
</properties>
  <testcase name="contextLoads" classname="br.com.diegom.medicalconsult.MedicalconsultApplicationTests" time="0.023">
    <system-out><![CDATA[22:25:51.110 [main] INFO org.springframework.test.context.support.AnnotationConfigContextLoaderUtils -- Could not detect default configuration classes for test class [br.com.diegom.medicalconsult.MedicalconsultApplicationTests]: MedicalconsultApplicationTests does not declare any static, non-private, non-final, nested classes annotated with @Configuration.
22:25:51.293 [main] INFO org.springframework.boot.test.context.SpringBootTestContextBootstrapper -- Found @SpringBootConfiguration br.com.diegom.medicalconsult.MedicalconsultApplication for test class br.com.diegom.medicalconsult.MedicalconsultApplicationTests
22:25:51.508 [main] INFO org.springframework.boot.devtools.restart.RestartApplicationListener -- Restart disabled due to context in which it is running

  .   ____          _            __ _ _
 /\\ / ___'_ __ _ _(_)_ __  __ _ \ \ \ \
( ( )\___ | '_ | '_| | '_ \/ _` | \ \ \ \
 \\/  ___)| |_)| | | | | || (_| |  ) ) ) )
  '  |____| .__|_| |_|_| |_\__, | / / / /
 =========|_|==============|___/=/_/_/_/

 :: Spring Boot ::                (v3.3.3)

2024-11-22T22:25:51.971-03:00  INFO 6800 --- [           main] b.c.d.m.MedicalconsultApplicationTests   : Starting MedicalconsultApplicationTests using Java 22.0.2 with PID 6800 (started by Diego M in C:\Users\Diego M\Documents\BACK-END AVANCADO\medicalTesteFinal\medicalConsult-master)
2024-11-22T22:25:51.972-03:00  INFO 6800 --- [           main] b.c.d.m.MedicalconsultApplicationTests   : The following 1 profile is active: "dev"
2024-11-22T22:25:53.197-03:00  INFO 6800 --- [           main] .s.d.r.c.RepositoryConfigurationDelegate : Bootstrapping Spring Data JPA repositories in DEFAULT mode.
2024-11-22T22:25:53.269-03:00  INFO 6800 --- [           main] .s.d.r.c.RepositoryConfigurationDelegate : Finished Spring Data repository scanning in 64 ms. Found 2 JPA repository interfaces.
2024-11-22T22:25:53.983-03:00  INFO 6800 --- [           main] o.hibernate.jpa.internal.util.LogHelper  : HHH000204: Processing PersistenceUnitInfo [name: default]
2024-11-22T22:25:54.052-03:00  INFO 6800 --- [           main] org.hibernate.Version                    : HHH000412: Hibernate ORM core version 6.5.2.Final
2024-11-22T22:25:54.080-03:00  INFO 6800 --- [           main] o.h.c.internal.RegionFactoryInitiator    : HHH000026: Second-level cache disabled
2024-11-22T22:25:54.244-03:00  INFO 6800 --- [           main] o.s.o.j.p.SpringPersistenceUnitInfo      : No LoadTimeWeaver setup: ignoring JPA class transformer
2024-11-22T22:25:54.269-03:00  INFO 6800 --- [           main] com.zaxxer.hikari.HikariDataSource       : HikariPool-1 - Starting...
2024-11-22T22:25:54.456-03:00  INFO 6800 --- [           main] com.zaxxer.hikari.pool.HikariPool        : HikariPool-1 - Added connection conn0: url=jdbc:h2:mem:marcasus user=SA
2024-11-22T22:25:54.458-03:00  INFO 6800 --- [           main] com.zaxxer.hikari.HikariDataSource       : HikariPool-1 - Start completed.
2024-11-22T22:25:54.481-03:00  WARN 6800 --- [           main] org.hibernate.orm.deprecation            : HHH90000025: H2Dialect does not need to be specified explicitly using 'hibernate.dialect' (remove the property setting and it will be selected by default)
2024-11-22T22:25:55.255-03:00  INFO 6800 --- [           main] o.h.e.t.j.p.i.JtaPlatformInitiator       : HHH000489: No JTA platform available (set 'hibernate.transaction.jta.platform' to enable JTA platform integration)
Hibernate: 
    create table consultas (
        id_consulta bigint generated by default as identity,
        data_consulta timestamp(6),
        especialidade varchar(255),
        profissional varchar(255),
        id_usuario bigint,
        primary key (id_consulta)
    )
Hibernate: 
    create table usuarios (
        id_usuario bigint generated by default as identity,
        cpf varchar(255),
        data_nascimento timestamp(6),
        email varchar(255),
        nome_usuario varchar(255),
        permissao enum ('ADMIN','PACIENTE','SECRETARIO'),
        telefone varchar(255),
        primary key (id_usuario)
    )
Hibernate: 
    alter table if exists consultas 
       add constraint FKd1jh8ttsswckp5j2a878lbfno 
       foreign key (id_usuario) 
       references usuarios
2024-11-22T22:25:55.323-03:00  INFO 6800 --- [           main] j.LocalContainerEntityManagerFactoryBean : Initialized JPA EntityManagerFactory for persistence unit 'default'
2024-11-22T22:25:56.292-03:00  WARN 6800 --- [           main] JpaBaseConfiguration$JpaWebConfiguration : spring.jpa.open-in-view is enabled by default. Therefore, database queries may be performed during view rendering. Explicitly configure spring.jpa.open-in-view to disable this warning
2024-11-22T22:25:56.324-03:00  WARN 6800 --- [           main] .s.s.UserDetailsServiceAutoConfiguration : 

Using generated security password: 4624bc28-3b34-4983-aeb1-a7143209a145

This generated password is for development use only. Your security configuration must be updated before running your application in production.

2024-11-22T22:25:56.341-03:00  WARN 6800 --- [           main] r$InitializeUserDetailsManagerConfigurer : Global AuthenticationManager configured with an AuthenticationProvider bean. UserDetailsService beans will not be used for username/password login. Consider removing the AuthenticationProvider bean. Alternatively, consider using the UserDetailsService in a manually instantiated DaoAuthenticationProvider.
2024-11-22T22:25:57.513-03:00  INFO 6800 --- [           main] o.s.b.a.h2.H2ConsoleAutoConfiguration    : H2 console available at '/h2-console'. Database available at 'jdbc:h2:mem:marcasus'
2024-11-22T22:25:57.649-03:00  INFO 6800 --- [           main] b.c.d.m.MedicalconsultApplicationTests   : Started MedicalconsultApplicationTests in 6.15 seconds (process running for 9.142)
]]></system-out>
  </testcase>
</testsuite>